<?xml version="1.0" encoding="UTF-8"?>
<testng-results ignored="0" total="1" passed="1" failed="0" skipped="0">
  <reporter-output>
  </reporter-output>
  <suite started-at="2025-11-19T14:57:54 IST" name="Default suite" finished-at="2025-11-19T14:58:09 IST" duration-ms="14452">
    <groups>
    </groups>
    <test started-at="2025-11-19T14:57:54 IST" name="Default test" finished-at="2025-11-19T14:58:09 IST" duration-ms="14452">
      <class name="elementpagetext">
        <test-method is-config="true" signature="setup()[pri:0, instance:elementpagetext@2a4fb17b]" started-at="2025-11-19T14:57:54 IST" name="setup" finished-at="2025-11-19T14:58:05 IST" duration-ms="10545" status="PASS">
          <reporter-output>
          </reporter-output>
        </test-method> <!-- setup -->
        <test-method signature="texteletext()[pri:0, instance:elementpagetext@2a4fb17b]" started-at="2025-11-19T14:58:05 IST" name="texteletext" finished-at="2025-11-19T14:58:09 IST" duration-ms="3611" status="PASS">
          <reporter-output>
          </reporter-output>
        </test-method> <!-- texteletext -->
        <test-method is-config="true" signature="teardown()[pri:0, instance:elementpagetext@2a4fb17b]" started-at="2025-11-19T14:58:09 IST" name="teardown" finished-at="2025-11-19T14:58:09 IST" duration-ms="239" status="PASS">
          <reporter-output>
          </reporter-output>
        </test-method> <!-- teardown -->
      </class> <!-- elementpagetext -->
    </test> <!-- Default test -->
  </suite> <!-- Default suite -->
</testng-results>
