<?xml version="1.0" encoding="UTF-8"?>
<testng-results ignored="0" total="1" passed="1" failed="0" skipped="0">
  <reporter-output>
  </reporter-output>
  <suite started-at="2025-11-20T13:08:07 IST" name="Default suite" finished-at="2025-11-20T13:08:21 IST" duration-ms="13545">
    <groups>
    </groups>
    <test started-at="2025-11-20T13:08:07 IST" name="Default test" finished-at="2025-11-20T13:08:21 IST" duration-ms="13545">
      <class name="elementpagetext">
        <test-method is-config="true" signature="setup()[pri:0, instance:elementpagetext@2a4fb17b]" started-at="2025-11-20T13:08:07 IST" name="setup" finished-at="2025-11-20T13:08:16 IST" duration-ms="8818" status="PASS">
          <reporter-output>
          </reporter-output>
        </test-method> <!-- setup -->
        <test-method signature="texteletext()[pri:0, instance:elementpagetext@2a4fb17b]" started-at="2025-11-20T13:08:16 IST" name="texteletext" finished-at="2025-11-20T13:08:21 IST" duration-ms="4483" status="PASS">
          <reporter-output>
          </reporter-output>
        </test-method> <!-- texteletext -->
        <test-method is-config="true" signature="teardown()[pri:0, instance:elementpagetext@2a4fb17b]" started-at="2025-11-20T13:08:21 IST" name="teardown" finished-at="2025-11-20T13:08:21 IST" duration-ms="179" status="PASS">
          <reporter-output>
          </reporter-output>
        </test-method> <!-- teardown -->
      </class> <!-- elementpagetext -->
    </test> <!-- Default test -->
  </suite> <!-- Default suite -->
</testng-results>
